<?xml version="1.0" encoding="UTF-8"?>
<testsuite xmlns:xsi="http://www.w3.org/2001/XMLSchema-instance" xsi:noNamespaceSchemaLocation="https://maven.apache.org/surefire/maven-surefire-plugin/xsd/surefire-test-report.xsd" version="3.0.2" name="bookstore.sharib.ServiceControllerTest" time="1.59" tests="2" errors="0" skipped="0" failures="0" flakes="0">
  <properties>
[...]
</properties>
  <testcase name="whenRequestGetFind_thenOK" classname="bookstore.sharib.ServiceControllerTest" time="1.18">
    <system-out><![CDATA[19:18:46.481 [main] INFO bookstore.sharib.ServiceControllerTest -- Starting tests...
19:18:46.816 [main] INFO bookstore.sharib.ServiceControllerTest -- whenRequestGetFind_thenOK()
HTTP/1.1 200 
X-Content-Type-Options: nosniff
X-XSS-Protection: 0
Cache-Control: no-cache, no-store, max-age=0, must-revalidate
Pragma: no-cache
Expires: 0
X-Frame-Options: DENY
Content-Type: application/json
Content-Length: 116
Date: Sun, 07 Jun 2026 11:18:47 GMT
Keep-Alive: timeout=60
Connection: keep-alive

{
    "authors": [
        "George Orwell"
    ],
    "genre": "Sci-Fi",
    "isbn": 9780143124177,
    "price": 10.5,
    "title": "1984",
    "yearPublished": 1949
}
]]></system-out>
  </testcase>
  <testcase name="whenRequestHealth_thenOK" classname="bookstore.sharib.ServiceControllerTest" time="0.026">
    <system-out><![CDATA[19:18:47.987 [main] INFO bookstore.sharib.ServiceControllerTest -- whenRequestHealth_thenOK()
HTTP/1.1 200 
X-Content-Type-Options: nosniff
X-XSS-Protection: 0
Cache-Control: no-cache, no-store, max-age=0, must-revalidate
Pragma: no-cache
Expires: 0
X-Frame-Options: DENY
Content-Type: application/vnd.spring-boot.actuator.v3+json
Transfer-Encoding: chunked
Date: Sun, 07 Jun 2026 11:18:48 GMT
Keep-Alive: timeout=60
Connection: keep-alive

{
    "groups": [
        "liveness",
        "readiness"
    ],
    "status": "UP"
}
]]></system-out>
  </testcase>
</testsuite>